[    0.000000] Initializing cgroup subsys cpuset
[    0.000000] Initializing cgroup subsys cpu
[    0.000000] Initializing cgroup subsys cpuacct
[    0.000000] Linux version 4.4.0-83-generic (buildd@lgw01-29) (gcc version 5.4.0 20160609 (Ubuntu 5.4.0-6ubuntu1~16.04.4) ) #106-Ubuntu SMP Mon Jun 26 17:54:43 UTC 2017 (Ubuntu 4.4.0-83.106-generic 4.4.70)
[    0.000000] Command line: BOOT_IMAGE=/boot/vmlinuz-4.4.0-83-generic root=LABEL=cloudimg-rootfs ro console=tty1 console=ttyS0
[    0.000000] KERNEL supported cpus:
[    0.000000]   Intel GenuineIntel
[    0.000000]   AMD AuthenticAMD
[    0.000000]   Centaur CentaurHauls
[    0.000000] ------------[ cut here ]------------
[    0.000000] WARNING: CPU: 0 PID: 0 at /build/linux-0uniEn/linux-4.4.0/arch/x86/kernel/fpu/xstate.c:517 fpu__init_system_xstate+0x38b/0x75a()
[    0.000000] XSAVE consistency problem, dumping leaves
[    0.000000] Modules linked in:
[    0.000000] CPU: 0 PID: 0 Comm: swapper Not tainted 4.4.0-83-generic #106-Ubuntu
[    0.000000]  0000000000000086 d37d8ae9e484d968 ffffffff81e03d80 ffffffff813f9513
[    0.000000]  ffffffff81e03dc8 ffffffff81caa0b0 ffffffff81e03db8 ffffffff81081322
[    0.000000]  ffffffff81e03e48 ffffffff81e03e4c 0000000000000008 0000000000000100
[    0.000000] Call Trace:
[    0.000000]  [<ffffffff813f9513>] dump_stack+0x63/0x90
[    0.000000]  [<ffffffff81081322>] warn_slowpath_common+0x82/0xc0
[    0.000000]  [<ffffffff810813bc>] warn_slowpath_fmt+0x5c/0x80
[    0.000000]  [<ffffffff8107d040>] ? xfeature_size+0x59/0x77
[    0.000000]  [<ffffffff81f6d206>] fpu__init_system_xstate+0x38b/0x75a
[    0.000000]  [<ffffffff81f5d120>] ? early_idt_handler_array+0x120/0x120
[    0.000000]  [<ffffffff81f6cb71>] fpu__init_system+0x10d/0x245
[    0.000000]  [<ffffffff81f6dc7a>] early_cpu_init+0x139/0x13e
[    0.000000]  [<ffffffff81f6dc7a>] ? early_cpu_init+0x139/0x13e
[    0.000000]  [<ffffffff81f69181>] setup_arch+0xb4/0xcf1
[    0.000000]  [<ffffffff81f5d120>] ? early_idt_handler_array+0x120/0x120
[    0.000000]  [<ffffffff81f5dc74>] start_kernel+0xe4/0x4a2
[    0.000000]  [<ffffffff81f5d120>] ? early_idt_handler_array+0x120/0x120
[    0.000000]  [<ffffffff81f5d339>] x86_64_start_reservations+0x2a/0x2c
[    0.000000]  [<ffffffff81f5d485>] x86_64_start_kernel+0x14a/0x16d
[    0.000000] ---[ end trace 4d5ff9f2f68c4233 ]---
[    0.000000] CPUID[0d, 00]: eax=00000007 ebx=00000440 ecx=00000440 edx=00000000
[    0.000000] CPUID[0d, 01]: eax=00000000 ebx=000003c0 ecx=00000000 edx=00000000
[    0.000000] CPUID[0d, 02]: eax=00000100 ebx=00000240 ecx=00000000 edx=00000000
[    0.000000] CPUID[0d, 03]: eax=00000000 ebx=00000000 ecx=00000000 edx=00000000
[    0.000000] CPUID[0d, 04]: eax=00000000 ebx=00000000 ecx=00000000 edx=00000000
[    0.000000] CPUID[0d, 05]: eax=00000000 ebx=00000000 ecx=00000000 edx=00000000
[    0.000000] CPUID[0d, 06]: eax=00000000 ebx=00000000 ecx=00000000 edx=00000000
[    0.000000] CPUID[0d, 07]: eax=00000000 ebx=00000000 ecx=00000000 edx=00000000
[    0.000000] CPUID[0d, 08]: eax=00000000 ebx=00000000 ecx=00000000 edx=00000000
[    0.000000] CPUID[0d, 09]: eax=00000000 ebx=00000000 ecx=00000000 edx=00000000
[    0.000000] CPUID[0d, 0a]: eax=00000000 ebx=00000000 ecx=00000000 edx=00000000
[    0.000000] CPUID[0d, 0b]: eax=00000000 ebx=00000000 ecx=00000000 edx=00000000
[    0.000000] CPUID[0d, 0c]: eax=00000000 ebx=00000000 ecx=00000000 edx=00000000
[    0.000000] CPUID[0d, 0d]: eax=00000000 ebx=00000000 ecx=00000000 edx=00000000
[    0.000000] CPUID[0d, 0e]: eax=00000000 ebx=00000000 ecx=00000000 edx=00000000
[    0.000000] CPUID[0d, 0f]: eax=00000000 ebx=00000000 ecx=00000000 edx=00000000
[    0.000000] CPUID[0d, 10]: eax=00000000 ebx=00000000 ecx=00000000 edx=00000000
[    0.000000] CPUID[0d, 11]: eax=00000000 ebx=00000000 ecx=00000000 edx=00000000
[    0.000000] x86/fpu: xstate_offset[2]:  576, xstate_sizes[2]:  256
[    0.000000] x86/fpu: Supporting XSAVE feature 0x01: 'x87 floating point registers'
[    0.000000] x86/fpu: Supporting XSAVE feature 0x02: 'SSE registers'
[    0.000000] x86/fpu: Supporting XSAVE feature 0x04: 'AVX registers'
[    0.000000] x86/fpu: Enabled xstate features 0x7, context size is 1088 bytes, using 'standard' format.
[    0.000000] x86/fpu: Using 'lazy' FPU context switches.
[    0.000000] e820: BIOS-provided physical RAM map:
[    0.000000] BIOS-e820: [mem 0x0000000000000000-0x000000000009fbff] usable
[    0.000000] BIOS-e820: [mem 0x000000000009fc00-0x000000000009ffff] reserved
[    0.000000] BIOS-e820: [mem 0x00000000000f0000-0x00000000000fffff] reserved
[    0.000000] BIOS-e820: [mem 0x0000000000100000-0x000000003ffeffff] usable
[    0.000000] BIOS-e820: [mem 0x000000003fff0000-0x000000003fffffff] ACPI data
[    0.000000] BIOS-e820: [mem 0x00000000fec00000-0x00000000fec00fff] reserved
[    0.000000] BIOS-e820: [mem 0x00000000fee00000-0x00000000fee00fff] reserved
[    0.000000] BIOS-e820: [mem 0x00000000fffc0000-0x00000000ffffffff] reserved
[    0.000000] NX (Execute Disable) protection: active
[    0.000000] SMBIOS 2.5 present.
[    0.000000] Hypervisor detected: KVM
[    0.000000] e820: last_pfn = 0x3fff0 max_arch_pfn = 0x400000000
[    0.000000] MTRR: Disabled
[    0.000000] x86/PAT: MTRRs disabled, skipping PAT initialization too.
[    0.000000] x86/PAT: Configuration [0-7]: WB  WT  UC- UC  WB  WT  UC- UC  
[    0.000000] CPU MTRRs all blank - virtualized system.
[    0.000000] found SMP MP-table at [mem 0x0009fff0-0x0009ffff] mapped at [ffff88000009fff0]
[    0.000000] Scanning 1 areas for low memory corruption
[    0.000000] RAMDISK: [mem 0x36ae4000-0x37569fff]
[    0.000000] ACPI: Early table checksum verification disabled
[    0.000000] ACPI: RSDP 0x00000000000E0000 000024 (v02 VBOX  )
[    0.000000] ACPI: XSDT 0x000000003FFF0030 00003C (v01 VBOX   VBOXXSDT 00000001 ASL  00000061)
[    0.000000] ACPI: FACP 0x000000003FFF00F0 0000F4 (v04 VBOX   VBOXFACP 00000001 ASL  00000061)
[    0.000000] ACPI: DSDT 0x000000003FFF0470 0021C8 (v02 VBOX   VBOXBIOS 00000002 INTL 20100528)
[    0.000000] ACPI: FACS 0x000000003FFF0200 000040
[    0.000000] ACPI: FACS 0x000000003FFF0200 000040
[    0.000000] ACPI: APIC 0x000000003FFF0240 00005C (v02 VBOX   VBOXAPIC 00000001 ASL  00000061)
[    0.000000] ACPI: SSDT 0x000000003FFF02A0 0001CC (v01 VBOX   VBOXCPUT 00000002 INTL 20100528)
[    0.000000] No NUMA configuration found
[    0.000000] Faking a node at [mem 0x0000000000000000-0x000000003ffeffff]
[    0.000000] NODE_DATA(0) allocated [mem 0x3ffeb000-0x3ffeffff]
[    0.000000] kvm-clock: Using msrs 4b564d01 and 4b564d00
[    0.000000] kvm-clock: cpu 0, msr 0:3ffe3001, primary cpu clock
[    0.000000] kvm-clock: using sched offset of 3368271298 cycles
[    0.000000] clocksource: kvm-clock: mask: 0xffffffffffffffff max_cycles: 0x1cd42e4dffb, max_idle_ns: 881590591483 ns
[    0.000000] Zone ranges:
[    0.000000]   DMA      [mem 0x0000000000001000-0x0000000000ffffff]
[    0.000000]   DMA32    [mem 0x0000000001000000-0x000000003ffeffff]
[    0.000000]   Normal   empty
[    0.000000]   Device   empty
[    0.000000] Movable zone start for each node
[    0.000000] Early memory node ranges
[    0.000000]   node   0: [mem 0x0000000000001000-0x000000000009efff]
[    0.000000]   node   0: [mem 0x0000000000100000-0x000000003ffeffff]
[    0.000000] Initmem setup node 0 [mem 0x0000000000001000-0x000000003ffeffff]
[    0.000000] ACPI: PM-Timer IO Port: 0x4008
[    0.000000] IOAPIC[0]: apic_id 2, version 32, address 0xfec00000, GSI 0-23
[    0.000000] ACPI: INT_SRC_OVR (bus 0 bus_irq 0 global_irq 2 dfl dfl)
[    0.000000] ACPI: INT_SRC_OVR (bus 0 bus_irq 9 global_irq 9 high level)
[    0.000000] Using ACPI (MADT) for SMP configuration information
[    0.000000] smpboot: Allowing 2 CPUs, 0 hotplug CPUs
[    0.000000] PM: Registered nosave memory: [mem 0x00000000-0x00000fff]
[    0.000000] PM: Registered nosave memory: [mem 0x0009f000-0x0009ffff]
[    0.000000] PM: Registered nosave memory: [mem 0x000a0000-0x000effff]
[    0.000000] PM: Registered nosave memory: [mem 0x000f0000-0x000fffff]
[    0.000000] e820: [mem 0x40000000-0xfebfffff] available for PCI devices
[    0.000000] Booting paravirtualized kernel on KVM
[    0.000000] clocksource: refined-jiffies: mask: 0xffffffff max_cycles: 0xffffffff, max_idle_ns: 7645519600211568 ns
[    0.000000] setup_percpu: NR_CPUS:512 nr_cpumask_bits:512 nr_cpu_ids:2 nr_node_ids:1
[    0.000000] PERCPU: Embedded 33 pages/cpu @ffff88003fc00000 s98264 r8192 d28712 u1048576
[    0.000000] PV qspinlock hash table entries: 256 (order: 0, 4096 bytes)
[    0.000000] Built 1 zonelists in Node order, mobility grouping on.  Total pages: 257913
[    0.000000] Policy zone: DMA32
[    0.000000] Kernel command line: BOOT_IMAGE=/boot/vmlinuz-4.4.0-83-generic root=LABEL=cloudimg-rootfs ro console=tty1 console=ttyS0
[    0.000000] PID hash table entries: 4096 (order: 3, 32768 bytes)
[    0.000000] Memory: 1001800K/1048120K available (8469K kernel code, 1294K rwdata, 3984K rodata, 1488K init, 1316K bss, 46320K reserved, 0K cma-reserved)
[    0.000000] SLUB: HWalign=64, Order=0-3, MinObjects=0, CPUs=2, Nodes=1
[    0.000000] Hierarchical RCU implementation.
[    0.000000] 	Build-time adjustment of leaf fanout to 64.
[    0.000000] 	RCU restricting CPUs from NR_CPUS=512 to nr_cpu_ids=2.
[    0.000000] RCU: Adjusting geometry for rcu_fanout_leaf=64, nr_cpu_ids=2
[    0.000000] NR_IRQS:33024 nr_irqs:440 16
[    0.000000] Console: colour VGA+ 80x25
[    0.000000] console [tty1] enabled
[    0.000000] console [ttyS0] enabled
[    0.000000] tsc: Detected 2592.004 MHz processor
[   12.405606] Calibrating delay loop (skipped) preset value.. 5184.00 BogoMIPS (lpj=10368016)
[   12.512445] pid_max: default: 32768 minimum: 301
[   12.573873] ACPI: Core revision 20150930
[   12.575944] ACPI: 2 ACPI AML tables successfully acquired and loaded
[   12.712993] Security Framework initialized
[   12.803467] Yama: becoming mindful.
[   12.863153] AppArmor: AppArmor initialized
[   12.952076] Dentry cache hash table entries: 131072 (order: 8, 1048576 bytes)
[   13.064202] Inode-cache hash table entries: 65536 (order: 7, 524288 bytes)
[   13.154135] Mount-cache hash table entries: 2048 (order: 2, 16384 bytes)
[   13.229584] Mountpoint-cache hash table entries: 2048 (order: 2, 16384 bytes)
[   13.230712] Initializing cgroup subsys io
[   13.259811] Initializing cgroup subsys memory
[   13.321585] Initializing cgroup subsys devices
[   13.377670] Initializing cgroup subsys freezer
[   13.441664] Initializing cgroup subsys net_cls
[   13.488043] Initializing cgroup subsys perf_event
[   13.555387] Initializing cgroup subsys net_prio
[   13.594301] Initializing cgroup subsys hugetlb
[   13.666457] Initializing cgroup subsys pids
[   13.713537] CPU: Physical Processor ID: 0
[   13.785363] CPU: Processor Core ID: 0
[   13.847835] mce: CPU supports 0 MCE banks
[   13.914010] Last level iTLB entries: 4KB 64, 2MB 8, 4MB 8
[   14.013629] Last level dTLB entries: 4KB 64, 2MB 0, 4MB 0, 1GB 4
[   14.018156] Freeing SMP alternatives memory: 32K (ffffffff820b9000 - ffffffff820c1000)
[   14.218425] ftrace: allocating 32129 entries in 126 pages
[   14.327172] smpboot: APIC(0) Converting physical 0 to logical package 0
[   14.392917] smpboot: Max logical packages: 1
[   14.431613] x2apic enabled
[   14.432397] Switched APIC routing to physical x2apic.
[   14.489389] ..TIMER: vector=0x30 apic1=0 pin1=2 apic2=-1 pin2=-1
[   14.680811] smpboot: CPU0: Intel(R) Core(TM) i7-6700HQ CPU @ 2.60GHz (family: 0x6, model: 0x5e, stepping: 0x3)
[   14.771876] Performance Events: unsupported p6 CPU model 94 no PMU driver, software events only.
[   14.906037] KVM setup paravirtual spinlock
[   14.980749] x86: Booting SMP configuration:
[   15.058548] .... node  #0, CPUs:      #1
[   15.110783] kvm-clock: cpu 1, msr 0:3ffe3041, secondary cpu clock
[   15.133349] mce: CPU supports 0 MCE banks
[   15.163170] x86: Booted up 1 node, 2 CPUs
[   15.209540] smpboot: Total of 2 processors activated (10368.01 BogoMIPS)
[   15.261490] devtmpfs: initialized
[   15.305011] evm: security.selinux
[   15.348091] evm: security.SMACK64
[   15.389339] evm: security.SMACK64EXEC
[   15.457702] evm: security.SMACK64TRANSMUTE
[   15.500630] evm: security.SMACK64MMAP
[   15.540971] evm: security.ima
[   15.576045] evm: security.capability
[   15.637307] clocksource: jiffies: mask: 0xffffffff max_cycles: 0xffffffff, max_idle_ns: 7645041785100000 ns
[   15.834747] futex hash table entries: 512 (order: 3, 32768 bytes)
[   15.917013] pinctrl core: initialized pinctrl subsystem
[   15.932559] RTC time: 12:48:12, date: 07/12/17
[   15.937646] NET: Registered protocol family 16
[   15.972926] cpuidle: using governor ladder
[   16.045359] cpuidle: using governor menu
[   16.067221] PCCT header not found.
[   16.086547] ACPI: bus type PCI registered
[   16.091522] acpiphp: ACPI Hot Plug PCI Controller Driver version: 0.5
[   16.136850] PCI: Using configuration type 1 for base access
[   16.217907] ACPI: Added _OSI(Module Device)
[   16.306998] ACPI: Added _OSI(Processor Device)
[   16.427713] ACPI: Added _OSI(3.0 _SCP Extensions)
[   16.520241] ACPI: Added _OSI(Processor Aggregator Device)
[   16.612642] ACPI: Executed 1 blocks of module-level executable AML code
[   16.737394] ACPI: Interpreter enabled
[   16.819818] ACPI: (supports S0 S5)
[   16.829551] ACPI: Using IOAPIC for interrupt routing
[   16.830586] PCI: Using host bridge windows from ACPI; if necessary, use "pci=nocrs" and report a bug
[   16.835995] ACPI: PCI Root Bridge [PCI0] (domain 0000 [bus 00-ff])
[   16.859834] acpi PNP0A03:00: _OSC: OS supports [ASPM ClockPM Segments MSI]
[   16.870146] acpi PNP0A03:00: _OSC failed (AE_NOT_FOUND); disabling ASPM
[   17.023783] acpi PNP0A03:00: fail to add MMCONFIG information, can't access extended PCI configuration space under this bridge.
[   17.247689] PCI host bridge to bus 0000:00
[   17.347523] pci_bus 0000:00: root bus resource [io  0x0000-0x0cf7 window]
[   17.517359] pci_bus 0000:00: root bus resource [io  0x0d00-0xffff window]
[   17.668490] pci_bus 0000:00: root bus resource [mem 0x000a0000-0x000bffff window]
[   17.825168] pci_bus 0000:00: root bus resource [mem 0x40000000-0xffdfffff window]
[   17.998602] pci_bus 0000:00: root bus resource [bus 00-ff]
[   18.131515] pci 0000:00:01.1: legacy IDE quirk: reg 0x10: [io  0x01f0-0x01f7]
[   18.266671] pci 0000:00:01.1: legacy IDE quirk: reg 0x14: [io  0x03f6]
[   18.444864] pci 0000:00:01.1: legacy IDE quirk: reg 0x18: [io  0x0170-0x0177]
[   18.616100] pci 0000:00:01.1: legacy IDE quirk: reg 0x1c: [io  0x0376]
[   18.769996] pci 0000:00:07.0: quirk: [io  0x4000-0x403f] claimed by PIIX4 ACPI
[   18.943639] pci 0000:00:07.0: quirk: [io  0x4100-0x410f] claimed by PIIX4 SMB
[   19.037092] ACPI: PCI Interrupt Link [LNKA] (IRQs 5 9 10 *11)
[   19.204746] ACPI: PCI Interrupt Link [LNKB] (IRQs 5 9 10 *11)
[   19.321818] ACPI: PCI Interrupt Link [LNKC] (IRQs 5 9 *10 11)
[   19.472799] ACPI: PCI Interrupt Link [LNKD] (IRQs 5 *9 10 11)
[   19.607732] ACPI: Enabled 2 GPEs in block 00 to 07
[   19.696009] vgaarb: setting as boot device: PCI:0000:00:02.0
[   19.789988] vgaarb: device added: PCI:0000:00:02.0,decodes=io+mem,owns=io+mem,locks=none
[   19.923053] vgaarb: loaded
[   19.979924] vgaarb: bridge control possible 0000:00:02.0
[   20.074815] SCSI subsystem initialized
[   20.172017] ACPI: bus type USB registered
[   20.265407] usbcore: registered new interface driver usbfs
[   20.384261] usbcore: registered new interface driver hub
[   20.489715] usbcore: registered new device driver usb
[   20.602433] PCI: Using ACPI for IRQ routing
[   20.699665] NetLabel: Initializing
[   20.790872] NetLabel:  domain hash size = 128
[   20.890509] NetLabel:  protocols = UNLABELED CIPSOv4
[   20.945750] NetLabel:  unlabeled traffic allowed by default
[   21.072454] amd_nb: Cannot enumerate AMD northbridges
[   21.201726] clocksource: Switched to clocksource kvm-clock
[   21.345041] AppArmor: AppArmor Filesystem Enabled
[   21.472524] pnp: PnP ACPI init
[   21.560104] pnp: PnP ACPI: found 3 devices
[   21.637804] clocksource: acpi_pm: mask: 0xffffff max_cycles: 0xffffff, max_idle_ns: 2085701024 ns
[   21.849359] NET: Registered protocol family 2
[   21.895771] TCP established hash table entries: 8192 (order: 4, 65536 bytes)
[   21.957858] TCP bind hash table entries: 8192 (order: 5, 131072 bytes)
[   22.105970] TCP: Hash tables configured (established 8192 bind 8192)
[   22.293862] UDP hash table entries: 512 (order: 2, 16384 bytes)
[   22.469141] UDP-Lite hash table entries: 512 (order: 2, 16384 bytes)
[   22.616973] NET: Registered protocol family 1
[   22.709752] pci 0000:00:00.0: Limiting direct PCI/PCI transfers
[   22.793872] pci 0000:00:01.0: Activating ISA DMA hang workarounds
[   22.954234] Unpacking initramfs...
[   25.482029] Freeing initrd memory: 10776K (ffff880036ae4000 - ffff88003756a000)
[   25.695145] platform rtc_cmos: registered platform RTC device (no PNP device found)
[   25.803225] Scanning for low memory corruption every 60 seconds
[   25.963563] audit: initializing netlink subsys (disabled)
[   26.104544] audit: type=2000 audit(1499863687.072:1): initialized
[   26.203997] Initialise system trusted keyring
[   26.276312] HugeTLB registered 2 MB page size, pre-allocated 0 pages
[   26.346718] zbud: loaded
[   26.376743] VFS: Disk quotas dquot_6.6.0
[   26.479926] VFS: Dquot-cache hash table entries: 512 (order 0, 4096 bytes)
[   26.606709] squashfs: version 4.0 (2009/01/31) Phillip Lougher
[   26.608132] fuse init (API version 7.23)
[   26.693823] tsc: Refined TSC clocksource calibration: 2592.507 MHz
[   26.693825] clocksource: tsc: mask: 0xffffffffffffffff max_cycles: 0x255e95b88f9, max_idle_ns: 440795320717 ns
[   26.836502] Key type big_key registered
[   26.837284] Allocating IMA MOK and blacklist keyrings.
[   26.839939] Key type asymmetric registered
[   26.923481] Asymmetric key parser 'x509' registered
[   26.995654] Block layer SCSI generic (bsg) driver version 0.4 loaded (major 249)
[   27.084287] io scheduler noop registered
[   27.091681] io scheduler deadline registered (default)
[   27.166162] io scheduler cfq registered
[   27.227256] pci_hotplug: PCI Hot Plug PCI Core version: 0.5
[   27.294544] pciehp: PCI Express Hot Plug Controller Driver version: 0.4
[   27.396187] ACPI: AC Adapter [AC] (off-line)
[   27.431846] input: Power Button as /devices/LNXSYSTM:00/LNXPWRBN:00/input/input0
[   27.534003] ACPI: Power Button [PWRF]
[   27.602434] input: Sleep Button as /devices/LNXSYSTM:00/LNXSLPBN:00/input/input1
[   27.737381] ACPI: Sleep Button [SLPF]
[   27.809243] ACPI: Battery Slot [BAT0] (battery present)
[   27.813997] GHES: HEST is not enabled!
[   27.867098] Serial: 8250/16550 driver, 32 ports, IRQ sharing enabled
[   27.910530] 00:02: ttyS0 at I/O 0x3f8 (irq = 4, base_baud = 115200) is a 16550A
[   27.944629] Linux agpgart interface v0.103
[   27.959081] loop: module loaded
[   27.960546] scsi host0: ata_piix
[   27.960691] scsi host1: ata_piix
[   27.960771] ata1: PATA max UDMA/33 cmd 0x1f0 ctl 0x3f6 bmdma 0xd000 irq 14
[   27.960773] ata2: PATA max UDMA/33 cmd 0x170 ctl 0x376 bmdma 0xd008 irq 15
[   27.961013] libphy: Fixed MDIO Bus: probed
[   27.961020] tun: Universal TUN/TAP device driver, 1.6
[   27.961021] tun: (C) 1999-2004 Max Krasnyansky <maxk@qualcomm.com>
[   27.961155] PPP generic driver version 2.4.2
[   27.961277] ehci_hcd: USB 2.0 'Enhanced' Host Controller (EHCI) Driver
[   27.961290] ehci-pci: EHCI PCI platform driver
[   27.961315] ehci-platform: EHCI generic platform driver
[   27.961336] ohci_hcd: USB 1.1 'Open' Host Controller (OHCI) Driver
[   27.961343] ohci-pci: OHCI PCI platform driver
[   27.961364] ohci-platform: OHCI generic platform driver
[   27.961381] uhci_hcd: USB Universal Host Controller Interface driver
[   27.961569] i8042: PNP: PS/2 Controller [PNP0303:PS2K,PNP0f03:PS2M] at 0x60,0x64 irq 1,12
[   27.962434] serio: i8042 KBD port at 0x60,0x64 irq 1
[   27.962441] serio: i8042 AUX port at 0x60,0x64 irq 12
[   27.962631] mousedev: PS/2 mouse device common for all mice
[   27.963267] input: AT Translated Set 2 keyboard as /devices/platform/i8042/serio0/input/input2
[   27.963945] rtc_cmos rtc_cmos: rtc core: registered rtc_cmos as rtc0
[   27.964067] rtc_cmos rtc_cmos: alarms up to one day, 114 bytes nvram
[   27.964081] i2c /dev entries driver
[   27.964166] device-mapper: uevent: version 1.0.3
[   27.964261] device-mapper: ioctl: 4.34.0-ioctl (2015-10-28) initialised: dm-devel@redhat.com
[   27.964302] ledtrig-cpu: registered to indicate activity on CPUs
[   27.964785] NET: Registered protocol family 10
[   27.965075] NET: Registered protocol family 17
[   27.965097] Key type dns_resolver registered
[   27.965333] microcode: CPU0 sig=0x506e3, pf=0x2, revision=0x0
[   28.008622] microcode: CPU1 sig=0x506e3, pf=0x2, revision=0x0
[   28.008692] microcode: Microcode Update Driver: v2.01 <tigran@aivazian.fsnet.co.uk>, Peter Oruba
[   28.008819] registered taskstats version 1
[   28.008835] Loading compiled-in X.509 certificates
[   28.009648] Loaded X.509 cert 'Build time autogenerated kernel key: 35105354eb779045e4d9ad793dead39d5ee93f76'
[   28.009681] zswap: loaded using pool lzo/zbud
[   28.012297] Key type trusted registered
[   28.015228] Key type encrypted registered
[   28.015236] AppArmor: AppArmor sha1 policy hashing enabled
[   28.015239] ima: No TPM chip found, activating TPM-bypass!
[   28.015260] evm: HMAC attrs: 0x1
[   28.015696]   Magic number: 9:965:834
[   28.024511] rtc_cmos rtc_cmos: setting system clock to 2017-07-12 12:48:24 UTC (1499863704)
[   28.024626] BIOS EDD facility v0.16 2004-Jun-25, 0 devices found
[   28.024627] EDD information not available.
[   30.305807] Freeing unused kernel memory: 1488K (ffffffff81f45000 - ffffffff820b9000)
[   30.509038] Write protecting the kernel read-only data: 14336k
[   30.644053] Freeing unused kernel memory: 1760K (ffff880001848000 - ffff880001a00000)
[   30.717994] Freeing unused kernel memory: 112K (ffff880001de4000 - ffff880001e00000)
Loading, please [   30.813975] random: systemd-udevd: uninitialized urandom read (16 bytes read, 7 bits of entropy available)
wait...
startin[   30.814813] random: udevadm: uninitialized urandom read (16 bytes read, 7 bits of entropy available)
g version 229
[   30.814859] random: udevadm: uninitialized urandom read (16 bytes read, 7 bits of entropy available)
[   30.815010] random: udevadm: uninitialized urandom read (16 bytes read, 7 bits of entropy available)
[   30.815064] random: udevadm: uninitialized urandom read (16 bytes read, 7 bits of entropy available)
[   30.815114] random: udevadm: uninitialized urandom read (16 bytes read, 7 bits of entropy available)
[   30.815166] random: udevadm: uninitialized urandom read (16 bytes read, 7 bits of entropy available)
[   30.815215] random: udevadm: uninitialized urandom read (16 bytes read, 7 bits of entropy available)
[   30.815263] random: udevadm: uninitialized urandom read (16 bytes read, 7 bits of entropy available)
[   30.815314] random: udevadm: uninitialized urandom read (16 bytes read, 7 bits of entropy available)
[   32.389739] e1000: Intel(R) PRO/1000 Network Driver - version 7.3.21-k8-NAPI
[   32.443623] e1000: Copyright (c) 1999-2006 Intel Corporation.
[   32.522618] Fusion MPT base driver 3.04.20
[   32.556775] Copyright (c) 1999-2008 LSI Corporation
[   32.572240] Fusion MPT SPI Host driver 3.04.20
[   32.577662] mptbase: ioc0: Initiating bringup
[   32.624156] AVX version of gcm_enc/dec engaged.
[   32.663337] AES CTR mode by8 optimization enabled
[   32.714797] ioc0: LSI53C1030 A0: Capabilities={Initiator}
[   32.785046] input: ImExPS/2 Generic Explorer Mouse as /devices/platform/i8042/serio1/input/input4
[   32.994411] scsi host2: ioc0: LSI53C1030 A0, FwRev=00000000h, Ports=1, MaxQ=256, IRQ=20
[   33.127680] scsi 2:0:0:0: Direct-Access     VBOX     HARDDISK         1.0  PQ: 0 ANSI: 5
[   33.139710] scsi target2:0:0: Beginning Domain Validation
[   33.150776] scsi target2:0:0: Domain Validation skipping write tests
[   33.199055] scsi target2:0:0: Ending Domain Validation
[   33.272074] scsi target2:0:0: asynchronous
[   33.294142] scsi 2:0:1:0: Direct-Access     VBOX     HARDDISK         1.0  PQ: 0 ANSI: 5
[   33.446360] scsi target2:0:1: Beginning Domain Validation
[   33.565204] scsi target2:0:1: Domain Validation skipping write tests
[   33.630237] e1000 0000:00:03.0 eth0: (PCI:33MHz:32-bit) 02:50:9e:45:53:0d
[   33.630240] e1000 0000:00:03.0 eth0: Intel(R) PRO/1000 Network Connection
[   33.999046] e1000 0000:00:08.0 eth1: (PCI:33MHz:32-bit) 08:00:27:5d:30:14
[   33.999047] e1000 0000:00:08.0 eth1: Intel(R) PRO/1000 Network Connection
[   34.151566] scsi target2:0:1: Ending Domain Validation
[   34.152352] e1000 0000:00:03.0 enp0s3: renamed from eth0
[   34.374723] scsi target2:0:1: asynchronous
[   34.481997] e1000 0000:00:08.0 enp0s8: renamed from eth1
[   34.514057] sd 2:0:0:0: Attached scsi generic sg0 type 0
[   34.642885] sd 2:0:0:0: [sda] 20971520 512-byte logical blocks: (10.7 GB/10.0 GiB)
[   34.643037] sd 2:0:1:0: Attached scsi generic sg1 type 0
[   34.643191] sd 2:0:1:0: [sdb] 20480 512-byte logical blocks: (10.5 MB/10.0 MiB)
[   34.643279] sd 2:0:1:0: [sdb] Write Protect is off
[   34.643504] sd 2:0:1:0: [sdb] Incomplete mode parameter data
[   34.643505] sd 2:0:1:0: [sdb] Assuming drive cache: write through
[   34.646354] sd 2:0:1:0: [sdb] Attached SCSI disk
[   34.955546] sd 2:0:0:0: [sda] Write Protect is off
[   35.090616] sd 2:0:0:0: [sda] Incomplete mode parameter data
[   35.202569] sd 2:0:0:0: [sda] Assuming drive cache: write through
[   35.322966]  sda: sda1
[   35.381832] sd 2:0:0:0: [sda] Attached SCSI disk
[   35.479994] floppy0: no floppy controllers found
Begin: Loading e[   37.034681] md: linear personality registered for level -1
ssential drivers[   37.200613] md: multipath personality registered for level -4
 ... [   37.315392] md: raid0 personality registered for level 0
[   37.426192] md: raid1 personality registered for level 1
[   37.546262] raid6: sse2x1   gen()  2388 MB/s
[   37.686614] raid6: sse2x1   xor()  2962 MB/s
[   37.885789] raid6: sse2x2   gen()  5986 MB/s
[   38.062038] raid6: sse2x2   xor()  2561 MB/s
[   38.209807] raid6: sse2x4   gen() 10678 MB/s
[   38.369740] raid6: sse2x4   xor()  6230 MB/s
[   38.429265] raid6: using algorithm sse2x4 gen() 10678 MB/s
[   38.549935] raid6: .... xor() 6230 MB/s, rmw enabled
[   38.624934] raid6: using ssse3x2 recovery algorithm
[   38.685899] xor: automatically using best checksumming function:
[   38.881817]    avx       :  6552.000 MB/sec
[   38.928498] async_tx: api initialized (async)
[   39.035078] md: raid6 personality registered for level 6
[   39.176495] md: raid5 personality registered for level 5
[   39.312716] md: raid4 personality registered for level 4
[   39.365655] md: raid10 personality registered for level 10
done.
Begin: Running /scripts/init-premount ... done.
Begin: Mounting root fil[   39.523706] Btrfs loaded
e system ... Begin: Running /scripts/local-top ... done.
Begin: Running /scripts/local-premount ... Scanning fo[   39.666974] EXT4-fs (sda1): mounted filesystem with ordered data mode. Opts: (null)
r Btrfs filesystems
done.
Warning: fsck not present, so skipping root file system
done.
Begin: Running /scripts/local-bottom ... done.
Begin: Running /scripts/init-bottom ... done.
[   39.913717] systemd[1]: systemd 229 running in system mode. (+PAM +AUDIT +SELINUX +IMA +APPARMOR +SMACK +SYSVINIT +UTMP +LIBCRYPTSETUP +GCRYPT +GNUTLS +ACL +XZ -LZ4 +SECCOMP +BLKID +ELFUTILS +KMOD -IDN)
[   40.192263] systemd[1]: Detected virtualization oracle.
[   40.318261] systemd[1]: Detected architecture x86-64.

Welcome to [1mUbuntu 16.04.2 LTS[0m!

[   40.450928] systemd[1]: Set hostname to <ubuntu>.
[   40.532540] systemd[1]: Initializing machine ID from random generator.
[   40.565777] systemd[1]: Installed transient /etc/machine-id file.
[   40.763646] random: nonblocking pool is initialized
[   40.995153] systemd[1]: Listening on /dev/initctl Compatibility Named Pipe.
[[0;32m  OK  [0m] Listening on /dev/initctl Compatibility Named Pipe.
[   41.250221] systemd[1]: Started Trigger resolvconf update for networkd DNS.
[[0;32m  OK  [0m] Started Trigger resolvconf update for networkd DNS.
[   41.414527] systemd[1]: Listening on Device-mapper event daemon FIFOs.
[[0;32m  OK  [0m] Listening on Device-mapper event daemon FIFOs.
[   41.591879] systemd[1]: Created slice User and Session Slice.
[[0;32m  OK  [0m] Created slice User and Session Slice.
[   41.666651] systemd[1]: Listening on Journal Audit Socket.
[[0;32m  OK  [0m] Listening on Journal Audit Socket.
[   41.751087] systemd[1]: Listening on udev Kernel Socket.
[[0;32m  OK  [0m] Listening on udev Kernel Socket.
[   41.918719] systemd[1]: Listening on udev Control Socket.
[[0;32m  OK  [0m] Listening on udev Control Socket.
[   42.050713] systemd[1]: Listening on LVM2 poll daemon socket.
[[0;32m  OK  [0m] Listening on LVM2 poll daemon socket.
[   42.162715] systemd[1]: Started Forward Password Requests to Wall Directory Watch.
[[0;32m  OK  [0m] Started Forward Password Requests to Wall Directory Watch.
[   42.374502] systemd[1]: Set up automount Arbitrary Executable File Formats File System Automount Point.
[[0;32m  OK  [0m] Set up automount Arbitrary Executab...ats File System Automount Point.
[   42.622014] systemd[1]: Reached target User and Group Name Lookups.
[[0;32m  OK  [0m] Reached target User and Group Name Lookups.
[   42.714100] systemd[1]: Listening on Journal Socket (/dev/log).
[[0;32m  OK  [0m] Listening on Journal Socket (/dev/log).
[   42.894518] systemd[1]: Reached target Swap.
[[0;32m  OK  [0m] Reached target Swap.
[   43.058451] systemd[1]: Listening on LVM2 metadata daemon socket.
[[0;32m  OK  [0m] Listening on LVM2 metadata daemon socket.
[   43.194793] systemd[1]: Reached target Encrypted Volumes.
[[0;32m  OK  [0m] Reached target Encrypted Volumes.
[   43.390492] systemd[1]: Listening on Journal Socket.
[[0;32m  OK  [0m] Listening on Journal Socket.
[   43.470005] systemd[1]: Listening on Syslog Socket.
[[0;32m  OK  [0m] Listening on Syslog Socket.
[   43.525437] systemd[1]: Created slice System Slice.
[[0;32m  OK  [0m] Created slice System Slice.
[   43.613248] systemd[1]: Created slice system-serial\x2dgetty.slice.
[[0;32m  OK  [0m] Created slice system-serial\x2dgetty.slice.
[   43.678221] systemd[1]: Starting Remount Root and Kernel File Systems...
[   43.684255] EXT4-fs (sda1): re-mounted. Opts: (null)
         Starting Remount Root and Kernel File Systems...
[   43.922452] systemd[1]: Mounting Huge Pages File System...
         Mounting Huge Pages File System...
[   44.041915] systemd[1]: Mounting Debug File System...
         Mounting Debug File System...
[   44.201943] systemd[1]: Starting Journal Service...
         Starting Journal Service...
[   44.354939] systemd[1]: Starting Monitoring of LVM2 mirrors, snapshots etc. using dmeventd or progress polling...
         Starting Monitoring of LVM2 mirrors... dmeventd or progress polling...
[   44.566186] systemd[1]: Starting Load Kernel Modules...
         Startin[   44.645355] Loading iSCSI transport class v2.0-870.
g Load Kernel Mo[   44.782637] iscsi: registered transport (tcp)
dules...
[   44.902113] systemd[1]: Starting Uncomplicated firewall...
         Startin[   44.953227] iscsi: registered transport (iser)
g Uncomplicated firewall...
[   45.135337] systemd[1]: Reached target Slices.
[[0;32m  OK  [0m] Reached target Slices.
[   45.234739] systemd[1]: Starting Create list of required static device nodes for the current kernel...
         Starting Create list of required st... nodes for the current kernel...
[   45.458156] systemd[1]: Mounting POSIX Message Queue File System...
         Mounting POSIX Message Queue File System...
[   45.574275] systemd[1]: Starting Set console keymap...
         Starting Set console keymap...
[   45.658146] systemd[1]: Starting Nameserver information manager...
         Starting Nameserver information manager...
[   45.806623] systemd[1]: Mounted Debug File System.
[[0;32m  OK  [0m] Mounted Debug File System.
[   45.986493] systemd[1]: Mounted POSIX Message Queue File System.
[[0;32m  OK  [0m] Mounted POSIX Message Queue File System.
[   46.194304] systemd[1]: Mounted Huge Pages File System.
[[0;32m  OK  [0m] Mounted Huge Pages File System.
[   46.318868] systemd[1]: Started Journal Service.
[[0;32m  OK  [0m] Started Journal Service.
[[0;32m  OK  [0m] Started Remount Root and Kernel File Systems.
[[0;32m  OK  [0m] Started Load Kernel Modules.
[[0;32m  OK  [0m] Started Uncomplicated firewall.
[[0;32m  OK  [0m] Started Create list of required sta...ce nodes for the current kernel.
[[0;32m  OK  [0m] Started Set console keymap.
[[0;32m  OK  [0m] Started Nameserver information manager.
[[0;32m  OK  [0m] Started LVM2 metadata daemon.
         Starting Create Static Device Nodes in /dev...
         Starting Apply Kernel Variables...
         Mounting FUSE Control File System...
         Starting udev Coldplug all Devices...
         Starting Load/Save Random Seed...
         Starting Initial cloud-init job (pre-networking)...
         Starting Flush Journal to Persistent Storage...
[[0;32m  OK  [0m] Mounted FUSE Control File System.
[[0;32m  OK  [0m] Started Monitoring of LVM2 mirrors,...ng dmeventd or progress polling.
[[0;32m  OK  [0m] Started Create Static Device Nodes in /dev.
[[0;32m  OK  [0m] Started Apply Kernel Variables.
[[0;32m  OK  [0m] Started Load/Save Random Seed.
[[0;32m  OK  [0m] Started udev Coldplug all Devices.
[[0;32m  OK  [0m] Started Flush Journal to Persistent Storage.
         Starting udev Kernel Device Manager...
[[0;32m  OK  [0m] Started udev Kernel Device Manager.
[[0;32m  OK  [0m] Reached target Local File Systems (Pre).
[[0;32m  OK  [0m] Reached target Local File Systems.
         Starting Set console font and keymap...
         Starting Create Volatile Files and Directories...
         Starting Tell Plymouth To Write Out Runtime Data...
         Starting Commit a transient machine-id on disk...
         Starting LSB: AppArmor initialization...
[[0;32m  OK  [0m] Started Dispatch Password Requests to Console Directory Watch.
[[0;32m  OK  [0m] Started Create Volatile Files and Directories.
[[0;32m  OK  [0m] Started Tell Plymouth To Write Out Runtime Data.
[[0;32m  OK  [0m] Started Commit a transient machine-id on disk.
[[0;32m  OK  [0m] Found device /dev/ttyS0.
         Starting Update UTMP about System Boot/Shutdown...
[[0;32m  OK  [0m] Reached target System Time Synchronized.
[   28.328708] cloud-init[457]: Cloud-init v. 0.7.9 running 'init-local' at Wed, 12 Jul 2017 12:48:44 +0000. Up 27.98 seconds.
[[0;32m  OK  [0m] Started Initial cloud-init job (pre-networking).
[[0;32m  OK  [0m] Started LSB: AppArmor initialization.
[[0;32m  OK  [0m] Started Update UTMP about System Boot/Shutdown.
[[0;32m  OK  [0m] Listening on Load/Save RF Kill Switch Status /dev/rfkill Watch.
[[0;32m  OK  [0m] Reached target Network (Pre).
         Starting Raise network interfaces...
[[0;32m  OK  [0m] Started Set console font and keymap.
[[0;32m  OK  [0m] Created slice system-getty.slice.
[[0;32m  OK  [0m] Started Raise network interfaces.
         Starting Initial cloud-init job (metadata service crawler)...
[[0;32m  OK  [0m] Reached target Network.
[   32.048748] cloud-init[950]: Cloud-init v. 0.7.9 running 'init' at Wed, 12 Jul 2017 12:48:48 +0000. Up 31.49 seconds.
[   32.185383] cloud-init[950]: ci-info: ++++++++++++++++++++++++++++++++++++++Net device info++++++++++++++++++++++++++++++++++++++
[   32.185868] cloud-init[950]: ci-info: +--------+-------+----------------------------+---------------+-------+-------------------+
[[0;32m  OK  [0m] Started Initial cloud-init job (metadata service crawler).
[   32.186091] cloud-init[950]: ci-info: | Device |   Up  |          Address           |      Mask     | Scope |     Hw-Address    |
[   32.548200] cloud-init[950]: ci-info: +--------+-------+----------------------------+---------------+-------+-------------------+
[[0;32m  OK  [0m] Reached target Cloud-config availability.[   32.548477] 
cloud-init[950]: ci-info: | enp0s8 | False |             .              |       .       |   .   | 08:00:27:5d:30:14 |
[[   32.796913] cloud-init[950]: ci-info: |   lo   |  True |         127.0.0.1          |   255.0.0.0   |   .   |         .         |
[   32.798743] cloud-init[950]: ci-info: |   lo   |  True |          ::1/128           |       .       |  host |         .         |
[0;32m  OK  [0m] Reached target Network is Online.
[   32.799311] cloud-init[950]: ci-info: | enp0s3 |  True |         10.0.2.15          | 255.255.255.0 |   .   | 02:50:9e:45:53:0d |
[   33.178898] cloud-init[950]: ci-info: | enp0s3 |  True | fe80::50:9eff:fe45:530d/64 |       .       |  link | 02:50:9e:45:53:0d |
[   33.179177] cloud-init[950]: ci-info: +--------+-------+----------------------------+---------------+-------+-------------------+
         Starting iSCSI initiator daemon (iscsid)...
[   33.179319] cloud-init[950]: ci-info: +++++++++++++++++++++++++++Route IPv4 info++++++++++++++++++++++++++++
[   33.367696] cloud-init[950]: ci-info: +-------+-------------+----------+---------------+-----------+-------+
[[0;32m  OK  [0m] Reached target System Initialization.
[   33.367854] cloud-init[950]: ci-info: | Route | Destination | Gateway  |    Genmask    | Interface | Flags |
[   33.681173] cloud-init[950]: ci-info: +-------+-------------+----------+---------------+-----------+-------+
[   33.681487] cloud-init[950]: ci-info: |   0   |   0.0.0.0   | 10.0.2.2 |    0.0.0.0    |   enp0s3  |   UG  |
         Starting Socket activation for snappy daemon.
[   33.681605] cloud-init[950]: ci-info: |   1   |   10.0.2.0  | 0.0.0.0  | 255.255.255.0 |   enp0s3  |   U   |
[[   34.119740] cloud-init[950]: ci-info: +-------+-------------+----------+---------------+-----------+-------+
[0;32m  OK  [0m] Started ACPI Events Check.
[   34.121159] cloud-init[950]: Generating public/private rsa key pair.
[   34.304682] cloud-init[950]: Your identification has been saved in /etc/ssh/ssh_host_rsa_key.
[[0;32m  OK  [0m] Reached target Paths.
[   34.304784] cloud-init[950]: Your public key has been saved in /etc/ssh/ssh_host_rsa_key.pub.
[   34.513325] cloud-init[950]: The key fingerprint is:
[[0;32m  OK  [0m] Listening on ACPID Listen Socket.
[   34.513580] cloud-init[950]: SHA256:TpwTg4btCLYZzBp2EAnApOPZ8C7umMJaZ07k9OeVTmM root@ubuntu-xenial
[   34.817912] cloud-init[950]: The key's randomart image is:
         [   34.818695] Starting LXD - unix socket.cloud-init
[950]: +---[RSA 2048]----+
[   34.965034] cloud-init[950]: |B+o              |
[   34.965342] cloud-init[950]: |.=.  o .         |
[[0;32m  OK  [0m] Listening on D-Bus System Message Bus Socket.
[   34.965466] cloud-init[950]: |+o*.. + o        |
[   35.145974] cloud-init[950]: |o=*= + . +       |
[[0;32m  OK  [0m] Listening on UUID daemon activation socket.
[   35.146376] cloud-init[950]: |.ooo+ . S        |
[   35.310066] cloud-init[950]: |  .+ . o . .     |
[[0;32m  OK  [0m] Started Daily Cleanup of Temporary Directories.
[[   35.310502] cloud-init[950]: |....= . o E      |
[   35.494200] cloud-init[950]: |++.=   o = .     |
[0;32m  OK  [0m] Started Timer to automatically refresh installed snaps.
[   35.494542] cloud-init[950]: |Bo  .   . .      |
[   35.713523] cloud-init[950]: +----[SHA256]-----+
[[0;32m  OK  [0m] Started Daily apt activities.
[[   35.713794] cloud-init[950]: Generating public/private dsa key pair.
[   35.857080] cloud-init[950]: Your identification has been saved in /etc/ssh/ssh_host_dsa_key.
[0;32m  OK  [0m] Reached target Timers.
[   35.857185] cloud-init[950]: Your public key has been saved in /etc/ssh/ssh_host_dsa_key.pub.
[   35.988899] cloud-init[950]: The key fingerprint is:
[   35.989252] cloud-init[950]: SHA256:UyLaufui53LBkpzGRpgZT4gDGHh1hJAhbm08hIGVFA8 root@ubuntu-xenial
[[0;32m  OK  [0m] Listening on Socket activation for snappy daemon.
[   35.989416] cloud-init[950]: The key's randomart image is:
[   36.157942] cloud-init[950]: +---[DSA 1024]----+
[[0;32m  OK  [0m] Listening on LXD - unix socket.
[   36.158182] cloud-init[950]: |O*EX.oo          |
[   36.329241] cloud-init[950]: |BoXoo.           |
[[0;32m  OK  [0m] Started iSCSI initiator daemon (iscsid).
[   36.329506] cloud-init[950]: | = %. . . .      |
[   36.532472] cloud-init[950]: |. = +o o o       |
[   36.605217] cloud-init[950]: |   +.+o S        |
[   36.605951] cloud-init[950]: |    O o. .       |
         Starting Login to default iSCSI targets...
[[   36.606225] cloud-init[950]: |   o ...         |
[   36.793976] cloud-init[950]: |    . +.         |
[0;32m  OK  [0m] Reached target Sockets.
[[   36.794242] cloud-init[950]: |    .*oo.        |
[   36.966529] cloud-init[950]: +----[SHA256]-----+
[0;32m  OK  [0m] Reached target Basic System.
[   36.966852] cloud-init[950]: Generating public/private ecdsa key pair.
[   37.205914] cloud-init[950]: Your identification has been saved in /etc/ssh/ssh_host_ecdsa_key.
[   37.206731] cloud-init[950]: Your public key has been saved in /etc/ssh/ssh_host_ecdsa_key.pub.
[[0;32m  OK  [0m] Started ACPI event daemon.
[   37.207010] cloud-init[950]: The key fingerprint is:
[   37.481551] cloud-init[950]: SHA256:hLhEQKBZDBJGKprNdXQLaZVYrgsLtVoQ1JMKe7R/aek root@ubuntu-xenial
[[0;32m  OK  [0m] Started Unattended Upgrades Shutdown.
[   37.481840] cloud-init[950]: The key's randomart image is:
[   37.836749] cloud-init[950]: +---[ECDSA 256]---+
[   37.837610] cloud-init[950]: |*X*o..o=+.       |
[[0;32m  OK  [0m] Started Deferred execution scheduler.
[   37.837921] cloud-init[950]: |*ooo+o+=..       |
[   38.069550] cloud-init[950]: |=+.o=oo +        |
[   38.070480] cloud-init[950]: |+++= + o         |
         Starting Login Service...
[   38.070858] cloud-init[950]: |o.+.= .oS        |
[   38.309751] cloud-init[950]: |   +.o=.         |
[   38.310632] cloud-init[950]: |  . .+.          |
[[0;32m  OK  [0m] Started D-Bus System Message Bus.
[   38.310993] cloud-init[950]: |      E          |
[   38.542173] cloud-init[950]: |                 |
[   38.543033] cloud-init[950]: +----[SHA256]-----+
         Starting System Logging Service...
[   38.543561] cloud-init[950]: Generating public/private ed25519 key pair.
[   38.697385] cloud-init[950]: Your identification has been saved in /etc/ssh/ssh_host_ed25519_key.
[   38.698934] cloud-init[950]: Your public key has been saved in /etc/ssh/ssh_host_ed25519_key.pub.
         Starting Accounts Service...
[   38.699367] cloud-init[950]: The key fingerprint is:
[   38.905954] cloud-init[950]: SHA256:hvouM8wHckOFjxdMxg4HViMXofB9t0Vd+ZVGT2C+Yi8 root@ubuntu-xenial
[   38.906775] cloud-init[950]: The key's randomart image is:
         Starting Apply the settings specified in cloud-config...
[   38.907214] cloud-init[950]: +--[ED25519 256]--+
[   39.108719] cloud-init[950]: |  . +BOo    ..++=|
[   39.109484] cloud-init[950]: |   +o**.   . o.=o|
         Starting /etc/rc.local Compatibility...
[   39.109805] cloud-init[950]: |    oB... . . o +|
[   39.209146] cloud-init[950]: |    o +o . o   ..|
[   39.209970] cloud-init[950]: |   . .. S . o .  |
[[0;32m  OK  [0m] Started FUSE filesystem for LXC.
[   39.210378] cloud-init[950]: |  . +. .   . o   |
[   39.388377] cloud-init[950]: |   =.o      E .  |
[   39.388867] cloud-init[950]: |    *..      .   |
         Starting LXD - container startup/shutdown...
[   39.389443] cloud-init[950]: |     *o          |
         Starting LSB: MD monitoring daemon...
[   39.527130] cloud-init[950]: +----[SHA256]-----+
         Starting LSB: Record successful boot for GRUB...
[   39.601041] cloud-init[1068]: Generating locales (this might take a while)...
         Starting Pollinate to seed the pseudo random number generator...
[[0;32m  OK  [0m] Started Regular background program processing daemon.
[[0;32m  OK  [0m] Started Snappy daemon.
         Starting Auto import assertions from block devices...
[[0;32m  OK  [0m] Started System Logging Service.
[[0;32m  OK  [0m] Started /etc/rc.local Compatibility.
[[0;32m  OK  [0m] Started LXD - container startup/shutdown.
[[0;32m  OK  [0m] Started Auto import assertions from block devices.
[[0;32m  OK  [0m] Started Login to default iSCSI targets.
[[0;32m  OK  [0m] Started LSB: MD monitoring daemon.
[   40.376101] cloud-init[1068]:   en_US.UTF-8... done
[   40.440843] [cloud-init[0;32m  OK  [0m[1068]: ] Generation complete.Started LSB: Record successful boot for GRUB.

[[0;32m  OK  [0m] Started Login Service.
         Starting Authenticate and Authorize Users to Run Privileged Tasks...
[[0;32m  OK  [0m] Reached target Remote File Systems (Pre).
[[0;32m  OK  [0m] Reached target Remote File Systems.
         Starting LSB: Set the CPU Frequency Scaling governor to "ondemand"...
         Starting Permit User Sessions...
         Starting LSB: daemon to balance interrupts for SMP systems...
         Starting LSB: automatic crash report generation...
         Starting LSB: VirtualBox Linux Additions...
[[0;32m  OK  [0m] Started Permit User Sessions.
[[0;32m  OK  [0m] Started Authenticate and Authorize Users to Run Privileged Tasks.
[[0;32m  OK  [0m] Started Accounts Service.
[[0;32m  OK  [0m] Started LSB: Set the CPU Frequency Scaling governor to "ondemand".
[[0;32m  OK  [0m] Stopped OpenBSD Secure Shell server.
         Starting OpenBSD Secure Shell server...
         Starting Terminate Plymouth Boot Screen...
         Starting Hold until boot process finishes up...
[[0;32m  OK  [0m] Started OpenBSD Secure Shell server.
[[0;32m  OK  [0m] Started Pollinate to seed the pseudo random number generator.
[[0;32m  OK  [0m] Started LSB: daemon to balance interrupts for SMP systems.
[[0;32m  OK  [0m] Started LSB: automatic crash report generation.
[[0;32m  OK  [0m] Started LSB: VirtualBox Linux Additions.
[[0;32m  OK  [0m] Started Terminate Plymouth Boot Screen.
[[0;32m  OK  [0m] Started Hold until boot process finishes up.
[   41.884477] cloud-init[1068]: Cloud-init v. 0.7.9 running 'modules:config' at Wed, 12 Jul 2017 12:48:56 +0000. Up 39.48 seconds.
[[0;32m  OK  [0m] Started Getty on tty1.
[[0;32m  OK  [0m] Started Serial Getty on ttyS0.
[[0;32m  OK  [0m] Reached target Login Prompts.
         Starting Set console scheme...
[[0;32m  OK  [0m] Reached target Multi-User System.
[[0;32m  OK  [0m] Reached target Graphical Interface.
         Starting Update UTMP about System Runlevel Changes...
[[0;32m  OK  [0m] Started Apply the settings specified in cloud-config.
[[0;32m  OK  [0m] Started Set console scheme.
[[0;32m  OK  [0m] Started Update UTMP about System Runlevel Changes.
         Starting Execute cloud user/final scripts...
ci-info: no authorized ssh keys fingerprints found for user ubuntu.
<14>Jul 12 12:49:00 ec2: 
<14>Jul 12 12:49:00 ec2: #############################################################
<14>Jul 12 12:49:00 ec2: -----BEGIN SSH HOST KEY FINGERPRINTS-----
<14>Jul 12 12:49:00 ec2: 1024 SHA256:UyLaufui53LBkpzGRpgZT4gDGHh1hJAhbm08hIGVFA8 root@ubuntu-xenial (DSA)
<14>Jul 12 12:49:00 ec2: 256 SHA256:hLhEQKBZDBJGKprNdXQLaZVYrgsLtVoQ1JMKe7R/aek root@ubuntu-xenial (ECDSA)
<14>Jul 12 12:49:00 ec2: 256 SHA256:hvouM8wHckOFjxdMxg4HViMXofB9t0Vd+ZVGT2C+Yi8 root@ubuntu-xenial (ED25519)
<14>Jul 12 12:49:00 ec2: 2048 SHA256:TpwTg4btCLYZzBp2EAnApOPZ8C7umMJaZ07k9OeVTmM root@ubuntu-xenial (RSA)
<14>Jul 12 12:49:00 ec2: -----END SSH HOST KEY FINGERPRINTS-----
<14>Jul 12 12:49:00 ec2: #############################################################
-----BEGIN SSH HOST KEY KEYS-----
ecdsa-sha2-nistp256 AAAAE2VjZHNhLXNoYTItbmlzdHAyNTYAAAAIbmlzdHAyNTYAAABBBIyvdu/egost26AThhXEPUG+Bh1ATxPrkZR9ZUIbAgpaFr2PSIenAXy8NEJ0aOjRDU8Lumky5UwRJu1xkcOuVYQ= root@ubuntu-xenial
ssh-ed25519 AAAAC3NzaC1lZDI1NTE5AAAAILfuP8Zc4tarvJLWYr9cXmSRECV/ajTMsBW1CBxwCPIr root@ubuntu-xenial
ssh-rsa AAAAB3NzaC1yc2EAAAADAQABAAABAQCvvV7U2tR293fN1kgptnZQ01WVSKICG20s8FtKOAyEdJw8QrOpn2tf27i4vdfRT+v4OHsFqMu4aJNACwYQlMB0T5HJBb5bQZxvkPVHK4Yj3SwuMuanRCpKFjVFW4QFZDhlr4mEpufKnzwpDud9HVmsIFoxc++2MgPgm2Bje9n2326QJeilM75kO+pwylDOvZRkbQWBNp1EEYdPquS2BHZR4Oatm5BS8d4xXKAh6Hddeb+Xv4Kl76kHsKOw1Q7VlEY4OjhfTdl1ik1lIO/sjUWxtui1FmaWKdsO38mkpNYhPJZbqEIM5C+7SzKWgz401QKhLYLlJnyeE9H5rY2wEAYX root@ubuntu-xenial
-----END SSH HOST KEY KEYS-----
[   44.516301] cloud-init[1313]: Cloud-init v. 0.7.9 running 'modules:final' at Wed, 12 Jul 2017 12:48:59 +0000. Up 42.97 seconds.
[[0;32m  OK  [0m] Started Execute cloud user/final scripts.
[   44.662603] cloud-init[1313]: ci-info: no authorized ssh keys fingerprints found for user ubuntu.
[   44.840511] cloud-init[1313]: Cloud-init v. 0.7.9 finished at Wed, 12 Jul 2017 12:49:01 +0000. Datasource DataSourceNoCloud [seed=/dev/sdb][dsmode=net].  Up 44.51 seconds
[[0;32m  OK  [0m] Reached target Cloud-init target.

Ubuntu 16.04.2 LTS ubuntu-xenial ttyS0

ubuntu-xenial login: 